=== ANÁLISE PRÉ-MIGRAÇÃO - FASE 4 ===
Data: 2025-05-27T17:14:39.079Z

=== ANÁLISE DA TABELA CLIENT ===
Total de Clientes: 8
Clientes Ativos: 6
Clientes Arquivados: 2

=== DISTRIBUIÇÃO POR USUÁRIO (TOP 10) ===
1. UserId: cmb4ip6290000093wziwuuiib - Clientes: 8

=== ESTIMATIVAS DE PERFORMANCE ===
📊 RESUMO DA ANÁLISE:
   • Total de registros: 8
   • Tempo estimado: 1-2 minutos
   • Nível de risco: BAIXO RISCO
   • Recomendação: Pode executar a qualquer momento

=== ÍNDICES A SEREM CRIADOS ===
1. Client_userId_deletedAt_createdAt_idx - Para listagem principal
2. Client_userId_name_idx - Para busca por nome
3. Client_userId_industry_richnessScore_idx - Para filtros avançados

=== RECOMENDAÇÕES ===
✅ Tabela de tamanho moderado, migração pode prosseguir

=== ANÁLISE CONCLUÍDA ===
Próximo passo: Revisar os resultados e decidir sobre a execução da migração

✅ Análise concluída com sucesso!
