2025-05-25 23:50:30 +00:00:  ⨯ Failed to start server
2025-05-25 23:50:30 +00:00: Error: listen EADDRINUSE: address already in use :::3000
2025-05-25 23:50:30 +00:00:     at Server.setupListenHandle [as _listen2] (node:net:1811:16)
2025-05-25 23:50:30 +00:00:     at listenInCluster (node:net:1859:12)
2025-05-25 23:50:30 +00:00:     at Server.listen (node:net:1947:7)
2025-05-25 23:50:30 +00:00:     at /root/Vortex/precedent/node_modules/.pnpm/next@14.3.0-canary.57_@babel+core@7.27.1_react-dom@18.3.1_react@18.3.1__react@18.3.1/node_modules/next/dist/server/lib/start-server.js:281:16
2025-05-25 23:50:30 +00:00:     at new Promise (<anonymous>)
2025-05-25 23:50:30 +00:00:     at startServer (/root/Vortex/precedent/node_modules/.pnpm/next@14.3.0-canary.57_@babel+core@7.27.1_react-dom@18.3.1_react@18.3.1__react@18.3.1/node_modules/next/dist/server/lib/start-server.js:191:11)
2025-05-25 23:50:30 +00:00:     at /root/Vortex/precedent/node_modules/.pnpm/next@14.3.0-canary.57_@babel+core@7.27.1_react-dom@18.3.1_react@18.3.1__react@18.3.1/node_modules/next/dist/server/lib/start-server.js:311:52
2025-05-25 23:50:30 +00:00:     at Span.traceAsyncFn (/root/Vortex/precedent/node_modules/.pnpm/next@14.3.0-canary.57_@babel+core@7.27.1_react-dom@18.3.1_react@18.3.1__react@18.3.1/node_modules/next/dist/trace/trace.js:157:26)
2025-05-25 23:50:30 +00:00:     at process.<anonymous> (/root/Vortex/precedent/node_modules/.pnpm/next@14.3.0-canary.57_@babel+core@7.27.1_react-dom@18.3.1_react@18.3.1__react@18.3.1/node_modules/next/dist/server/lib/start-server.js:311:35)
2025-05-25 23:50:30 +00:00:     at process.emit (node:events:517:28) {
2025-05-25 23:50:30 +00:00:   code: 'EADDRINUSE',
2025-05-25 23:50:30 +00:00:   errno: -98,
2025-05-25 23:50:30 +00:00:   syscall: 'listen',
2025-05-25 23:50:30 +00:00:   address: '::',
2025-05-25 23:50:30 +00:00:   port: 3000
2025-05-25 23:50:30 +00:00: }
2025-05-25 23:50:32 +00:00:  ⨯ Failed to start server
2025-05-25 23:50:32 +00:00: Error: listen EADDRINUSE: address already in use :::3000
2025-05-25 23:50:32 +00:00:     at Server.setupListenHandle [as _listen2] (node:net:1811:16)
2025-05-25 23:50:32 +00:00:     at listenInCluster (node:net:1859:12)
2025-05-25 23:50:32 +00:00:     at Server.listen (node:net:1947:7)
2025-05-25 23:50:32 +00:00:     at /root/Vortex/precedent/node_modules/.pnpm/next@14.3.0-canary.57_@babel+core@7.27.1_react-dom@18.3.1_react@18.3.1__react@18.3.1/node_modules/next/dist/server/lib/start-server.js:281:16
2025-05-25 23:50:32 +00:00:     at new Promise (<anonymous>)
2025-05-25 23:50:32 +00:00:     at startServer (/root/Vortex/precedent/node_modules/.pnpm/next@14.3.0-canary.57_@babel+core@7.27.1_react-dom@18.3.1_react@18.3.1__react@18.3.1/node_modules/next/dist/server/lib/start-server.js:191:11)
2025-05-25 23:50:32 +00:00:     at /root/Vortex/precedent/node_modules/.pnpm/next@14.3.0-canary.57_@babel+core@7.27.1_react-dom@18.3.1_react@18.3.1__react@18.3.1/node_modules/next/dist/server/lib/start-server.js:311:52
2025-05-25 23:50:32 +00:00:     at Span.traceAsyncFn (/root/Vortex/precedent/node_modules/.pnpm/next@14.3.0-canary.57_@babel+core@7.27.1_react-dom@18.3.1_react@18.3.1__react@18.3.1/node_modules/next/dist/trace/trace.js:157:26)
2025-05-25 23:50:32 +00:00:     at process.<anonymous> (/root/Vortex/precedent/node_modules/.pnpm/next@14.3.0-canary.57_@babel+core@7.27.1_react-dom@18.3.1_react@18.3.1__react@18.3.1/node_modules/next/dist/server/lib/start-server.js:311:35)
2025-05-25 23:50:32 +00:00:     at process.emit (node:events:517:28) {
2025-05-25 23:50:32 +00:00:   code: 'EADDRINUSE',
2025-05-25 23:50:32 +00:00:   errno: -98,
2025-05-25 23:50:32 +00:00:   syscall: 'listen',
2025-05-25 23:50:32 +00:00:   address: '::',
2025-05-25 23:50:32 +00:00:   port: 3000
2025-05-25 23:50:32 +00:00: }
2025-05-25 23:50:35 +00:00:  ⨯ Failed to start server
2025-05-25 23:50:35 +00:00: Error: listen EADDRINUSE: address already in use :::3000
2025-05-25 23:50:35 +00:00:     at Server.setupListenHandle [as _listen2] (node:net:1811:16)
2025-05-25 23:50:35 +00:00:     at listenInCluster (node:net:1859:12)
2025-05-25 23:50:35 +00:00:     at Server.listen (node:net:1947:7)
2025-05-25 23:50:35 +00:00:     at /root/Vortex/precedent/node_modules/.pnpm/next@14.3.0-canary.57_@babel+core@7.27.1_react-dom@18.3.1_react@18.3.1__react@18.3.1/node_modules/next/dist/server/lib/start-server.js:281:16
2025-05-25 23:50:35 +00:00:     at new Promise (<anonymous>)
2025-05-25 23:50:35 +00:00:     at startServer (/root/Vortex/precedent/node_modules/.pnpm/next@14.3.0-canary.57_@babel+core@7.27.1_react-dom@18.3.1_react@18.3.1__react@18.3.1/node_modules/next/dist/server/lib/start-server.js:191:11)
2025-05-25 23:50:35 +00:00:     at /root/Vortex/precedent/node_modules/.pnpm/next@14.3.0-canary.57_@babel+core@7.27.1_react-dom@18.3.1_react@18.3.1__react@18.3.1/node_modules/next/dist/server/lib/start-server.js:311:52
2025-05-25 23:50:35 +00:00:     at Span.traceAsyncFn (/root/Vortex/precedent/node_modules/.pnpm/next@14.3.0-canary.57_@babel+core@7.27.1_react-dom@18.3.1_react@18.3.1__react@18.3.1/node_modules/next/dist/trace/trace.js:157:26)
2025-05-25 23:50:35 +00:00:     at process.<anonymous> (/root/Vortex/precedent/node_modules/.pnpm/next@14.3.0-canary.57_@babel+core@7.27.1_react-dom@18.3.1_react@18.3.1__react@18.3.1/node_modules/next/dist/server/lib/start-server.js:311:35)
2025-05-25 23:50:35 +00:00:     at process.emit (node:events:517:28) {
2025-05-25 23:50:35 +00:00:   code: 'EADDRINUSE',
2025-05-25 23:50:35 +00:00:   errno: -98,
2025-05-25 23:50:35 +00:00:   syscall: 'listen',
2025-05-25 23:50:35 +00:00:   address: '::',
2025-05-25 23:50:35 +00:00:   port: 3000
2025-05-25 23:50:35 +00:00: }
2025-05-25 23:50:37 +00:00:  ⨯ Failed to start server
2025-05-25 23:50:37 +00:00: Error: listen EADDRINUSE: address already in use :::3000
2025-05-25 23:50:37 +00:00:     at Server.setupListenHandle [as _listen2] (node:net:1811:16)
2025-05-25 23:50:37 +00:00:     at listenInCluster (node:net:1859:12)
2025-05-25 23:50:37 +00:00:     at Server.listen (node:net:1947:7)
2025-05-25 23:50:37 +00:00:     at /root/Vortex/precedent/node_modules/.pnpm/next@14.3.0-canary.57_@babel+core@7.27.1_react-dom@18.3.1_react@18.3.1__react@18.3.1/node_modules/next/dist/server/lib/start-server.js:281:16
2025-05-25 23:50:37 +00:00:     at new Promise (<anonymous>)
2025-05-25 23:50:37 +00:00:     at startServer (/root/Vortex/precedent/node_modules/.pnpm/next@14.3.0-canary.57_@babel+core@7.27.1_react-dom@18.3.1_react@18.3.1__react@18.3.1/node_modules/next/dist/server/lib/start-server.js:191:11)
2025-05-25 23:50:37 +00:00:     at /root/Vortex/precedent/node_modules/.pnpm/next@14.3.0-canary.57_@babel+core@7.27.1_react-dom@18.3.1_react@18.3.1__react@18.3.1/node_modules/next/dist/server/lib/start-server.js:311:52
2025-05-25 23:50:37 +00:00:     at Span.traceAsyncFn (/root/Vortex/precedent/node_modules/.pnpm/next@14.3.0-canary.57_@babel+core@7.27.1_react-dom@18.3.1_react@18.3.1__react@18.3.1/node_modules/next/dist/trace/trace.js:157:26)
2025-05-25 23:50:37 +00:00:     at process.<anonymous> (/root/Vortex/precedent/node_modules/.pnpm/next@14.3.0-canary.57_@babel+core@7.27.1_react-dom@18.3.1_react@18.3.1__react@18.3.1/node_modules/next/dist/server/lib/start-server.js:311:35)
2025-05-25 23:50:37 +00:00:     at process.emit (node:events:517:28) {
2025-05-25 23:50:37 +00:00:   code: 'EADDRINUSE',
2025-05-25 23:50:37 +00:00:   errno: -98,
2025-05-25 23:50:37 +00:00:   syscall: 'listen',
2025-05-25 23:50:37 +00:00:   address: '::',
2025-05-25 23:50:37 +00:00:   port: 3000
2025-05-25 23:50:37 +00:00: }
2025-05-25 23:50:39 +00:00:  ⨯ Failed to start server
2025-05-25 23:50:39 +00:00: Error: listen EADDRINUSE: address already in use :::3000
2025-05-25 23:50:39 +00:00:     at Server.setupListenHandle [as _listen2] (node:net:1811:16)
2025-05-25 23:50:39 +00:00:     at listenInCluster (node:net:1859:12)
2025-05-25 23:50:39 +00:00:     at Server.listen (node:net:1947:7)
2025-05-25 23:50:39 +00:00:     at /root/Vortex/precedent/node_modules/.pnpm/next@14.3.0-canary.57_@babel+core@7.27.1_react-dom@18.3.1_react@18.3.1__react@18.3.1/node_modules/next/dist/server/lib/start-server.js:281:16
2025-05-25 23:50:39 +00:00:     at new Promise (<anonymous>)
2025-05-25 23:50:39 +00:00:     at startServer (/root/Vortex/precedent/node_modules/.pnpm/next@14.3.0-canary.57_@babel+core@7.27.1_react-dom@18.3.1_react@18.3.1__react@18.3.1/node_modules/next/dist/server/lib/start-server.js:191:11)
2025-05-25 23:50:39 +00:00:     at /root/Vortex/precedent/node_modules/.pnpm/next@14.3.0-canary.57_@babel+core@7.27.1_react-dom@18.3.1_react@18.3.1__react@18.3.1/node_modules/next/dist/server/lib/start-server.js:311:52
2025-05-25 23:50:39 +00:00:     at Span.traceAsyncFn (/root/Vortex/precedent/node_modules/.pnpm/next@14.3.0-canary.57_@babel+core@7.27.1_react-dom@18.3.1_react@18.3.1__react@18.3.1/node_modules/next/dist/trace/trace.js:157:26)
2025-05-25 23:50:39 +00:00:     at process.<anonymous> (/root/Vortex/precedent/node_modules/.pnpm/next@14.3.0-canary.57_@babel+core@7.27.1_react-dom@18.3.1_react@18.3.1__react@18.3.1/node_modules/next/dist/server/lib/start-server.js:311:35)
2025-05-25 23:50:39 +00:00:     at process.emit (node:events:517:28) {
2025-05-25 23:50:39 +00:00:   code: 'EADDRINUSE',
2025-05-25 23:50:39 +00:00:   errno: -98,
2025-05-25 23:50:39 +00:00:   syscall: 'listen',
2025-05-25 23:50:39 +00:00:   address: '::',
2025-05-25 23:50:39 +00:00:   port: 3000
2025-05-25 23:50:39 +00:00: }
2025-05-25 23:53:27 +00:00: Browserslist: caniuse-lite is outdated. Please run:
2025-05-25 23:53:27 +00:00:   npx update-browserslist-db@latest
2025-05-25 23:53:27 +00:00:   Why you should do it regularly: https://github.com/browserslist/update-db#readme
2025-05-25 23:53:38 +00:00: Warning: Accessing element.ref was removed in React 19. ref is now a regular prop. It will be removed from the JSX Element type in a future release.
2025-05-25 23:53:38 +00:00:     at eval (webpack-internal:///(ssr)/./node_modules/.pnpm/@radix-ui+react-slot@1.0.2_@types+react@18.2.24_react@18.3.1/node_modules/@radix-ui/react-slot/dist/index.mjs:46:23)
2025-05-25 23:53:38 +00:00:     at eval (webpack-internal:///(ssr)/./node_modules/.pnpm/@radix-ui+react-slot@1.0.2_@types+react@18.2.24_react@18.3.1/node_modules/@radix-ui/react-slot/dist/index.mjs:20:23)
2025-05-25 23:53:38 +00:00:     at eval (webpack-internal:///(ssr)/./node_modules/.pnpm/@radix-ui+react-primitive@1.0.3_@types+react-dom@18.2.8_@types+react@18.2.24_react-dom@18.3.1_react@18.3.1__react@18.3.1/node_modules/@radix-ui/react-primitive/dist/index.mjs:44:26)
2025-05-25 23:53:38 +00:00:     at eval (webpack-internal:///(ssr)/./node_modules/.pnpm/@radix-ui+react-popper@1.1.3_@types+react-dom@18.2.8_@types+react@18.2.24_react-dom@18.3.1_react@18.3.1__react@18.3.1/node_modules/@radix-ui/react-popper/dist/index.mjs:80:28)
2025-05-25 23:53:38 +00:00:     at eval (webpack-internal:///(ssr)/./node_modules/.pnpm/@radix-ui+react-popover@1.0.7_@types+react-dom@18.2.8_@types+react@18.2.24_react-dom@18.3.1_react@18.3.1__react@18.3.1/node_modules/@radix-ui/react-popover/dist/index.mjs:139:29)
2025-05-25 23:53:38 +00:00:     at Provider (webpack-internal:///(ssr)/./node_modules/.pnpm/@radix-ui+react-context@1.0.1_@types+react@18.2.24_react@18.3.1/node_modules/@radix-ui/react-context/dist/index.mjs:47:28)
2025-05-25 23:53:38 +00:00:     at Provider (webpack-internal:///(ssr)/./node_modules/.pnpm/@radix-ui+react-context@1.0.1_@types+react@18.2.24_react@18.3.1/node_modules/@radix-ui/react-context/dist/index.mjs:47:28)
2025-05-25 23:53:38 +00:00:     at $cf1ac5d9fe0e8206$export$badac9ada3a0bdf9 (webpack-internal:///(ssr)/./node_modules/.pnpm/@radix-ui+react-popper@1.1.3_@types+react-dom@18.2.8_@types+react@18.2.24_react-dom@18.3.1_react@18.3.1__react@18.3.1/node_modules/@radix-ui/react-popper/dist/index.mjs:65:28)
2025-05-25 23:53:38 +00:00:     at $cb5cc270b50c6fcd$export$5b6b19405a83ff9d (webpack-internal:///(ssr)/./node_modules/.pnpm/@radix-ui+react-popover@1.0.7_@types+react-dom@18.2.8_@types+react@18.2.24_react-dom@18.3.1_react@18.3.1__react@18.3.1/node_modules/@radix-ui/react-popover/dist/index.mjs:81:29)
2025-05-25 23:53:38 +00:00:     at Popover (webpack-internal:///(ssr)/./components/shared/popover.tsx:14:20)
2025-05-25 23:53:38 +00:00:     at div
2025-05-25 23:53:38 +00:00:     at ComponentGrid (webpack-internal:///(ssr)/./components/home/component-grid.tsx:20:118)
2025-05-25 23:53:38 +00:00:     at Lazy
2025-05-25 23:53:38 +00:00:     at div
2025-05-25 23:53:38 +00:00:     at div
2025-05-25 23:53:38 +00:00:     at div
2025-05-25 23:53:38 +00:00:     at InnerLayoutRouter (webpack-internal:///(ssr)/./node_modules/.pnpm/next@14.3.0-canary.57_@babel+core@7.27.1_react-dom@18.3.1_react@18.3.1__react@18.3.1/node_modules/next/dist/client/components/layout-router.js:246:11)
2025-05-25 23:53:38 +00:00:     at RedirectErrorBoundary (webpack-internal:///(ssr)/./node_modules/.pnpm/next@14.3.0-canary.57_@babel+core@7.27.1_react-dom@18.3.1_react@18.3.1__react@18.3.1/node_modules/next/dist/client/components/redirect-boundary.js:73:9)
2025-05-25 23:53:38 +00:00:     at RedirectBoundary (webpack-internal:///(ssr)/./node_modules/.pnpm/next@14.3.0-canary.57_@babel+core@7.27.1_react-dom@18.3.1_react@18.3.1__react@18.3.1/node_modules/next/dist/client/components/redirect-boundary.js:81:11)
2025-05-25 23:53:38 +00:00:     at NotFoundErrorBoundary (webpack-internal:///(ssr)/./node_modules/.pnpm/next@14.3.0-canary.57_@babel+core@7.27.1_react-dom@18.3.1_react@18.3.1__react@18.3.1/node_modules/next/dist/client/components/not-found-boundary.js:76:9)
2025-05-25 23:53:38 +00:00:     at NotFoundBoundary (webpack-internal:///(ssr)/./node_modules/.pnpm/next@14.3.0-canary.57_@babel+core@7.27.1_react-dom@18.3.1_react@18.3.1__react@18.3.1/node_modules/next/dist/client/components/not-found-boundary.js:84:11)
2025-05-25 23:53:38 +00:00:     at LoadingBoundary (webpack-internal:///(ssr)/./node_modules/.pnpm/next@14.3.0-canary.57_@babel+core@7.27.1_react-dom@18.3.1_react@18.3.1__react@18.3.1/node_modules/next/dist/client/components/layout-router.js:350:11)
2025-05-25 23:53:38 +00:00:     at ErrorBoundary (webpack-internal:///(ssr)/./node_modules/.pnpm/next@14.3.0-canary.57_@babel+core@7.27.1_react-dom@18.3.1_react@18.3.1__react@18.3.1/node_modules/next/dist/client/components/error-boundary.js:158:11)
2025-05-25 23:53:38 +00:00:     at InnerScrollAndFocusHandler (webpack-internal:///(ssr)/./node_modules/.pnpm/next@14.3.0-canary.57_@babel+core@7.27.1_react-dom@18.3.1_react@18.3.1__react@18.3.1/node_modules/next/dist/client/components/layout-router.js:157:9)
2025-05-25 23:53:38 +00:00:     at ScrollAndFocusHandler (webpack-internal:///(ssr)/./node_modules/.pnpm/next@14.3.0-canary.57_@babel+core@7.27.1_react-dom@18.3.1_react@18.3.1__react@18.3.1/node_modules/next/dist/client/components/layout-router.js:232:11)
2025-05-25 23:53:38 +00:00:     at RenderFromTemplateContext (webpack-internal:///(ssr)/./node_modules/.pnpm/next@14.3.0-canary.57_@babel+core@7.27.1_react-dom@18.3.1_react@18.3.1__react@18.3.1/node_modules/next/dist/client/components/render-from-template-context.js:16:44)
2025-05-25 23:53:38 +00:00:     at Lazy
2025-05-25 23:53:38 +00:00:     at OuterLayoutRouter (webpack-internal:///(ssr)/./node_modules/.pnpm/next@14.3.0-canary.57_@babel+core@7.27.1_react-dom@18.3.1_react@18.3.1__react@18.3.1/node_modules/next/dist/client/components/layout-router.js:370:11)
2025-05-25 23:53:38 +00:00:     at Lazy
2025-05-25 23:53:38 +00:00:     at main
2025-05-25 23:53:38 +00:00:     at body
2025-05-25 23:53:38 +00:00:     at html
2025-05-25 23:53:38 +00:00:     at SWRConfig (webpack-internal:///(ssr)/./node_modules/.pnpm/swr@2.2.5_react@18.3.1/node_modules/swr/dist/_internal/index.mjs:571:13)
2025-05-25 23:53:38 +00:00:     at OrganizationProvider (webpack-internal:///(ssr)/./node_modules/.pnpm/@clerk+shared@2.8.3_react-dom@18.3.1_react@18.3.1__react@18.3.1/node_modules/@clerk/shared/dist/react/index.mjs:91:3)
2025-05-25 23:53:38 +00:00:     at ClerkContextProvider (webpack-internal:///(ssr)/./node_modules/.pnpm/@clerk+clerk-react@5.9.3_react-dom@18.3.1_react@18.3.1__react@18.3.1/node_modules/@clerk/clerk-react/dist/index.mjs:1730:11)
2025-05-25 23:53:38 +00:00:     at ClerkProviderBase (webpack-internal:///(ssr)/./node_modules/.pnpm/@clerk+clerk-react@5.9.3_react-dom@18.3.1_react@18.3.1__react@18.3.1/node_modules/@clerk/clerk-react/dist/index.mjs:1805:11)
2025-05-25 23:53:38 +00:00:     at Hoc (webpack-internal:///(ssr)/./node_modules/.pnpm/@clerk+clerk-react@5.9.3_react-dom@18.3.1_react@18.3.1__react@18.3.1/node_modules/@clerk/clerk-react/dist/index.mjs:113:5)
2025-05-25 23:53:38 +00:00:     at ClerkNextOptionsProvider (webpack-internal:///(ssr)/./node_modules/.pnpm/@clerk+nextjs@5.6.2_next@14.3.0-canary.57_@babel+core@7.27.1_react-dom@18.3.1_react@18.3.1__r_bhtaqgkw4rjjk6duoqvkadkshe/node_modules/@clerk/nextjs/dist/esm/client-boundary/NextOptionsContext.js:16:11)
2025-05-25 23:53:38 +00:00:     at ClientClerkProvider (webpack-internal:///(ssr)/./node_modules/.pnpm/@clerk+nextjs@5.6.2_next@14.3.0-canary.57_@babel+core@7.27.1_react-dom@18.3.1_react@18.3.1__r_bhtaqgkw4rjjk6duoqvkadkshe/node_modules/@clerk/nextjs/dist/esm/app-router/client/ClerkProvider.js:49:13)
2025-05-25 23:53:38 +00:00:     at Lazy
2025-05-25 23:53:38 +00:00:     at RedirectErrorBoundary (webpack-internal:///(ssr)/./node_modules/.pnpm/next@14.3.0-canary.57_@babel+core@7.27.1_react-dom@18.3.1_react@18.3.1__react@18.3.1/node_modules/next/dist/client/components/redirect-boundary.js:73:9)
2025-05-25 23:53:38 +00:00:     at RedirectBoundary (webpack-internal:///(ssr)/./node_modules/.pnpm/next@14.3.0-canary.57_@babel+core@7.27.1_react-dom@18.3.1_react@18.3.1__react@18.3.1/node_modules/next/dist/client/components/redirect-boundary.js:81:11)
2025-05-25 23:53:38 +00:00:     at ReactDevOverlay (webpack-internal:///(ssr)/./node_modules/.pnpm/next@14.3.0-canary.57_@babel+core@7.27.1_react-dom@18.3.1_react@18.3.1__react@18.3.1/node_modules/next/dist/client/components/react-dev-overlay/app/ReactDevOverlay.js:87:9)
2025-05-25 23:53:38 +00:00:     at HotReload (webpack-internal:///(ssr)/./node_modules/.pnpm/next@14.3.0-canary.57_@babel+core@7.27.1_react-dom@18.3.1_react@18.3.1__react@18.3.1/node_modules/next/dist/client/components/react-dev-overlay/app/hot-reloader-client.js:322:11)
2025-05-25 23:53:38 +00:00:     at Router (webpack-internal:///(ssr)/./node_modules/.pnpm/next@14.3.0-canary.57_@babel+core@7.27.1_react-dom@18.3.1_react@18.3.1__react@18.3.1/node_modules/next/dist/client/components/app-router.js:202:11)
2025-05-25 23:53:38 +00:00:     at ErrorBoundaryHandler (webpack-internal:///(ssr)/./node_modules/.pnpm/next@14.3.0-canary.57_@babel+core@7.27.1_react-dom@18.3.1_react@18.3.1__react@18.3.1/node_modules/next/dist/client/components/error-boundary.js:112:9)
2025-05-25 23:53:38 +00:00:     at ErrorBoundary (webpack-internal:///(ssr)/./node_modules/.pnpm/next@14.3.0-canary.57_@babel+core@7.27.1_react-dom@18.3.1_react@18.3.1__react@18.3.1/node_modules/next/dist/client/components/error-boundary.js:158:11)
2025-05-25 23:53:38 +00:00:     at AppRouter (webpack-internal:///(ssr)/./node_modules/.pnpm/next@14.3.0-canary.57_@babel+core@7.27.1_react-dom@18.3.1_react@18.3.1__react@18.3.1/node_modules/next/dist/client/components/app-router.js:573:13)
2025-05-25 23:53:38 +00:00:     at Lazy
2025-05-25 23:53:38 +00:00:     at r6 (/root/Vortex/precedent/node_modules/.pnpm/next@14.3.0-canary.57_@babel+core@7.27.1_react-dom@18.3.1_react@18.3.1__react@18.3.1/node_modules/next/dist/compiled/next-server/app-page.runtime.dev.js:39:19931)
2025-05-25 23:53:38 +00:00:     at ServerInsertedHTMLProvider (/root/Vortex/precedent/node_modules/.pnpm/next@14.3.0-canary.57_@babel+core@7.27.1_react-dom@18.3.1_react@18.3.1__react@18.3.1/node_modules/next/dist/compiled/next-server/app-page.runtime.dev.js:39:25694)
2025-05-25 23:55:50 +00:00:  ⚠ The "images.domains" configuration is deprecated. Please use "images.remotePatterns" configuration instead.
2025-05-26 00:26:49 +00:00: sh: 1: 
2025-05-26 00:26:49 +00:00: next: not found
2025-05-26 00:26:52 +00:00: sh: 1: next: not found
2025-05-26 00:26:54 +00:00: sh: 1: next: not found
2025-05-26 00:26:55 +00:00: sh: 1: 
2025-05-26 00:26:55 +00:00: next: not found
2025-05-26 00:26:55 +00:00: 
2025-05-26 00:26:57 +00:00: sh: 1: 
2025-05-26 00:26:57 +00:00: next: not found
2025-05-26 00:26:58 +00:00: sh: 1: next: not found
2025-05-26 00:27:00 +00:00: sh: 1: next: not found
2025-05-26 00:27:01 +00:00: sh: 1: 
2025-05-26 00:27:01 +00:00: next: not found
2025-05-26 00:27:01 +00:00: 
2025-05-26 00:27:04 +00:00:  ⚠ Invalid next.config.js options detected: 
2025-05-26 00:27:04 +00:00:  ⚠     Unrecognized key(s) in object: 'swcMinify'
2025-05-26 00:27:04 +00:00:  ⚠ See more info here: https://nextjs.org/docs/messages/invalid-next-config
2025-05-26 00:32:40 +00:00: [Error: Route "/" used `...headers()` or similar iteration. `headers()` should be awaited before using its value. Learn more: https://nextjs.org/docs/messages/sync-dynamic-apis]
2025-05-26 00:32:40 +00:00: [Error: Route "/" used `headers().get('Content-Security-Policy')`. `headers()` should be awaited before using its value. Learn more: https://nextjs.org/docs/messages/sync-dynamic-apis]
2025-05-26 00:32:43 +00:00:  ⚠ The "images.domains" configuration is deprecated. Please use "images.remotePatterns" configuration instead.
2025-05-26 00:32:44 +00:00:  ⚠ Cross origin request detected from 5.161.64.137 to /_next/* resource. In a future major version of Next.js, you will need to explicitly configure "allowedDevOrigins" in next.config to allow this.
2025-05-26 00:32:44 +00:00: Read more: https://nextjs.org/docs/app/api-reference/config/next-config-js/allowedDevOrigins
2025-05-26 00:34:12 +00:00:  ⚠ Invalid next.config.js options detected: 
2025-05-26 00:34:12 +00:00:  ⚠     Unrecognized key(s) in object: 'swcMinify'
2025-05-26 00:34:12 +00:00:  ⚠ See more info here: https://nextjs.org/docs/messages/invalid-next-config
2025-05-26 00:35:19 +00:00:  ⚠ Cross origin request detected from 5.161.64.137 to /_next/* resource. In a future major version of Next.js, you will need to explicitly configure "allowedDevOrigins" in next.config to allow this.
2025-05-26 00:35:19 +00:00: Read more: https://nextjs.org/docs/app/api-reference/config/next-config-js/allowedDevOrigins
2025-05-26 00:35:25 +00:00: [Error: Route "/" used `...headers()` or similar iteration. `headers()` should be awaited before using its value. Learn more: https://nextjs.org/docs/messages/sync-dynamic-apis]
2025-05-26 00:35:25 +00:00: [Error: Route "/" used `headers().get('Content-Security-Policy')`. `headers()` should be awaited before using its value. Learn more: https://nextjs.org/docs/messages/sync-dynamic-apis]
2025-05-26 00:35:26 +00:00:  ⚠ The "images.domains" configuration is deprecated. Please use "images.remotePatterns" configuration instead.
2025-05-26 00:37:07 +00:00: [Error: Route "/" used `...headers()` or similar iteration. `headers()` should be awaited before using its value. Learn more: https://nextjs.org/docs/messages/sync-dynamic-apis]
2025-05-26 00:37:07 +00:00: [Error: Route "/" used `headers().get('Content-Security-Policy')`. `headers()` should be awaited before using its value. Learn more: https://nextjs.org/docs/messages/sync-dynamic-apis]
2025-05-26 00:37:08 +00:00:  ⚠ Fast Refresh had to perform a full reload. Read more: https://nextjs.org/docs/messages/fast-refresh-reload
2025-05-26 00:37:08 +00:00: [Error: Route "/" used `...headers()` or similar iteration. `headers()` should be awaited before using its value. Learn more: https://nextjs.org/docs/messages/sync-dynamic-apis]
2025-05-26 00:37:08 +00:00: [Error: Route "/" used `headers().get('Content-Security-Policy')`. `headers()` should be awaited before using its value. Learn more: https://nextjs.org/docs/messages/sync-dynamic-apis]
2025-05-26 00:37:46 +00:00: [Error: Route "/" used `...headers()` or similar iteration. `headers()` should be awaited before using its value. Learn more: https://nextjs.org/docs/messages/sync-dynamic-apis]
2025-05-26 00:37:46 +00:00: [Error: Route "/" used `headers().get('Content-Security-Policy')`. `headers()` should be awaited before using its value. Learn more: https://nextjs.org/docs/messages/sync-dynamic-apis]
2025-05-26 00:43:40 +00:00: [Error: Route "/" used `...headers()` or similar iteration. `headers()` should be awaited before using its value. Learn more: https://nextjs.org/docs/messages/sync-dynamic-apis]
2025-05-26 00:43:40 +00:00: [Error: Route "/" used `headers().get('Content-Security-Policy')`. `headers()` should be awaited before using its value. Learn more: https://nextjs.org/docs/messages/sync-dynamic-apis]
2025-05-26 01:06:01 +00:00:  ⚠ Fast Refresh had to perform a full reload. Read more: https://nextjs.org/docs/messages/fast-refresh-reload
2025-05-26 01:06:01 +00:00:  ⨯ Error: Cannot find module 'next/dist/client/components/static-generation-async-storage.external.js'
2025-05-26 01:06:01 +00:00: Require stack:
2025-05-26 01:06:01 +00:00: - /root/Vortex/precedent/.next/server/app/page.js
2025-05-26 01:06:01 +00:00: - /root/Vortex/precedent/node_modules/next/dist/server/require.js
2025-05-26 01:06:01 +00:00: - /root/Vortex/precedent/node_modules/next/dist/server/load-components.js
2025-05-26 01:06:01 +00:00: - /root/Vortex/precedent/node_modules/next/dist/build/utils.js
2025-05-26 01:06:01 +00:00: - /root/Vortex/precedent/node_modules/next/dist/build/swc/options.js
2025-05-26 01:06:01 +00:00: - /root/Vortex/precedent/node_modules/next/dist/build/swc/index.js
2025-05-26 01:06:01 +00:00: - /root/Vortex/precedent/node_modules/next/dist/build/analysis/parse-module.js
2025-05-26 01:06:01 +00:00: - /root/Vortex/precedent/node_modules/next/dist/build/analysis/get-page-static-info.js
2025-05-26 01:06:01 +00:00: - /root/Vortex/precedent/node_modules/next/dist/server/lib/router-utils/setup-dev-bundler.js
2025-05-26 01:06:01 +00:00: - /root/Vortex/precedent/node_modules/next/dist/server/lib/router-server.js
2025-05-26 01:06:01 +00:00: - /root/Vortex/precedent/node_modules/next/dist/server/lib/start-server.js
2025-05-26 01:06:01 +00:00:     at ../../client/components/static-generation-async-storage.external (.next/server/app/page.js:55:18)
2025-05-26 01:06:01 +00:00:     at __webpack_require__ (.next/server/webpack-runtime.js:33:43)
2025-05-26 01:06:01 +00:00:     at __webpack_require__ (.next/server/webpack-runtime.js:33:43)
2025-05-26 01:06:01 +00:00:     at __webpack_require__ (.next/server/webpack-runtime.js:33:43)
2025-05-26 01:06:01 +00:00:     at __webpack_exec__ (.next/server/app/page.js:674:39)
2025-05-26 01:06:01 +00:00:     at <unknown> (.next/server/app/page.js:675:3166)
2025-05-26 01:06:01 +00:00:     at __webpack_require__.X (.next/server/webpack-runtime.js:183:21)
2025-05-26 01:06:01 +00:00:     at <unknown> (.next/server/app/page.js:675:47)
2025-05-26 01:06:01 +00:00:     at Object.<anonymous> (.next/server/app/page.js:678:3) {
2025-05-26 01:06:01 +00:00:   code: 'MODULE_NOT_FOUND',
2025-05-26 01:06:01 +00:00:   requireStack: [Array],
2025-05-26 01:06:01 +00:00:   page: '/'
2025-05-26 01:06:01 +00:00: }
2025-05-26 01:06:05 +00:00: [Error: Route "/" used `...headers()` or similar iteration. `headers()` should be awaited before using its value. Learn more: https://nextjs.org/docs/messages/sync-dynamic-apis]
2025-05-26 01:06:05 +00:00: [Error: Route "/" used `headers().get('Content-Security-Policy')`. `headers()` should be awaited before using its value. Learn more: https://nextjs.org/docs/messages/sync-dynamic-apis]
2025-05-26 01:06:05 +00:00: [Error: Route "/" used `...headers()` or similar iteration. `headers()` should be awaited before using its value. Learn more: https://nextjs.org/docs/messages/sync-dynamic-apis]
2025-05-26 01:06:05 +00:00: [Error: Route "/" used `headers().get('Content-Security-Policy')`. `headers()` should be awaited before using its value. Learn more: https://nextjs.org/docs/messages/sync-dynamic-apis]
2025-05-26 02:03:38 +00:00: [Error: Route "/" used `...headers()` or similar iteration. `headers()` should be awaited before using its value. Learn more: https://nextjs.org/docs/messages/sync-dynamic-apis]
2025-05-26 02:03:38 +00:00: [Error: Route "/" used `headers().get('Content-Security-Policy')`. `headers()` should be awaited before using its value. Learn more: https://nextjs.org/docs/messages/sync-dynamic-apis]
2025-05-26 02:12:39 +00:00: [Error: Route "/_not-found" used `...headers()` or similar iteration. `headers()` should be awaited before using its value. Learn more: https://nextjs.org/docs/messages/sync-dynamic-apis]
2025-05-26 02:12:39 +00:00: [Error: Route "/_not-found" used `headers().get('Content-Security-Policy')`. `headers()` should be awaited before using its value. Learn more: https://nextjs.org/docs/messages/sync-dynamic-apis]
2025-05-26 02:14:27 +00:00: [Error: Route "/" used `...headers()` or similar iteration. `headers()` should be awaited before using its value. Learn more: https://nextjs.org/docs/messages/sync-dynamic-apis]
2025-05-26 02:14:27 +00:00: [Error: Route "/" used `headers().get('Content-Security-Policy')`. `headers()` should be awaited before using its value. Learn more: https://nextjs.org/docs/messages/sync-dynamic-apis]
2025-05-26 02:18:02 +00:00:  ⚠ Invalid next.config.js options detected: 
2025-05-26 02:18:02 +00:00:  ⚠     Unrecognized key(s) in object: 'swcMinify'
2025-05-26 02:18:02 +00:00:  ⚠ See more info here: https://nextjs.org/docs/messages/invalid-next-config
